<?xml version="1.0" encoding="UTF-8"?>
<!-- Generated by org.testng.reporters.JUnitXMLReporter -->
<testsuite ignored="8" hostname="Jeni-Nitro-5" failures="0" tests="4" name="Test" time="0.053" errors="0" timestamp="2024-09-19T12:27:56 BST">
  <testcase classname="testngScripts.Testgroup1" name="Test1" time="0.009"/>
  <testcase classname="testngScripts.Testgroup1" name="Test2" time="0.003"/>
  <testcase classname="testngScripts.Testgroup2" name="Test7" time="0.002"/>
  <testcase classname="testngScripts.Testgroup2" name="Test8" time="0.001"/>
  <testcase classname="testngScripts.Testgroup1" name="Test3" time="0.0">
    <ignored/>
  </testcase> <!-- Test3 -->
  <testcase classname="testngScripts.Testgroup1" name="Test6" time="0.0">
    <ignored/>
  </testcase> <!-- Test6 -->
  <testcase classname="testngScripts.Testgroup2" name="Test9" time="0.0">
    <ignored/>
  </testcase> <!-- Test9 -->
  <testcase classname="testngScripts.Testgroup2" name="Test11" time="0.0">
    <ignored/>
  </testcase> <!-- Test11 -->
  <testcase classname="testngScripts.Testgroup1" name="Test4" time="0.0">
    <ignored/>
  </testcase> <!-- Test4 -->
  <testcase classname="testngScripts.Testgroup2" name="Test12" time="0.0">
    <ignored/>
  </testcase> <!-- Test12 -->
  <testcase classname="testngScripts.Testgroup1" name="Test5" time="0.0">
    <ignored/>
  </testcase> <!-- Test5 -->
  <testcase classname="testngScripts.Testgroup2" name="Test10" time="0.0">
    <ignored/>
  </testcase> <!-- Test10 -->
</testsuite> <!-- Test -->
