<?xml version="1.0" encoding="UTF-8"?>
<testng-results ignored="0" total="1" passed="1" failed="0" skipped="0">
  <reporter-output>
  </reporter-output>
  <suite started-at="2024-09-17T00:31:26 BST" name="Default suite" finished-at="2024-09-17T00:31:31 BST" duration-ms="5810">
    <groups>
    </groups>
    <test started-at="2024-09-17T00:31:26 BST" name="Default test" finished-at="2024-09-17T00:31:31 BST" duration-ms="5810">
      <class name="testngScripts.SampleTestNg">
        <test-method is-config="true" signature="setUp()[pri:0, instance:testngScripts.SampleTestNg@59fd97a8]" started-at="2024-09-17T00:31:26 BST" name="setUp" finished-at="2024-09-17T00:31:27 BST" duration-ms="1495" status="PASS">
          <reporter-output>
          </reporter-output>
        </test-method> <!-- setUp -->
        <test-method is-config="true" signature="navigateToPage()[pri:0, instance:testngScripts.SampleTestNg@59fd97a8]" started-at="2024-09-17T00:31:27 BST" name="navigateToPage" finished-at="2024-09-17T00:31:30 BST" duration-ms="2501" status="PASS">
          <reporter-output>
          </reporter-output>
        </test-method> <!-- navigateToPage -->
        <test-method signature="searchTest()[pri:0, instance:testngScripts.SampleTestNg@59fd97a8]" started-at="2024-09-17T00:31:30 BST" name="searchTest" finished-at="2024-09-17T00:31:31 BST" duration-ms="1468" status="PASS">
          <reporter-output>
          </reporter-output>
        </test-method> <!-- searchTest -->
        <test-method is-config="true" signature="postTestActions()[pri:0, instance:testngScripts.SampleTestNg@59fd97a8]" started-at="2024-09-17T00:31:31 BST" name="postTestActions" finished-at="2024-09-17T00:31:31 BST" duration-ms="0" status="PASS">
          <reporter-output>
          </reporter-output>
        </test-method> <!-- postTestActions -->
        <test-method is-config="true" signature="tearDown()[pri:0, instance:testngScripts.SampleTestNg@59fd97a8]" started-at="2024-09-17T00:31:31 BST" name="tearDown" finished-at="2024-09-17T00:31:31 BST" duration-ms="308" status="PASS">
          <reporter-output>
          </reporter-output>
        </test-method> <!-- tearDown -->
      </class> <!-- testngScripts.SampleTestNg -->
    </test> <!-- Default test -->
  </suite> <!-- Default suite -->
</testng-results>
